<?xml version="1.0" encoding="UTF-8"?>
<testng-results skipped="0" failed="0" total="1" passed="1">
  <reporter-output>
  </reporter-output>
  <suite name="Suite" duration-ms="36140" started-at="2019-11-23T09:59:46Z" finished-at="2019-11-23T10:00:22Z">
    <groups>
    </groups>
    <test name="Test" duration-ms="36140" started-at="2019-11-23T09:59:46Z" finished-at="2019-11-23T10:00:22Z">
      <class name="com.test.scripts.ValidLogin">
        <test-method status="PASS" signature="preCondition()[pri:0, instance:com.test.scripts.ValidLogin@56f4468b]" name="preCondition" is-config="true" duration-ms="7791" started-at="2019-11-23T15:29:46Z" finished-at="2019-11-23T15:29:54Z">
          <reporter-output>
          </reporter-output>
        </test-method> <!-- preCondition -->
        <test-method status="PASS" signature="TestCase6CheckOutCanonProduct()[pri:0, instance:com.test.scripts.ValidLogin@56f4468b]" name="TestCase6CheckOutCanonProduct" duration-ms="28101" started-at="2019-11-23T15:29:54Z" finished-at="2019-11-23T15:30:22Z">
          <reporter-output>
          </reporter-output>
        </test-method> <!-- TestCase6CheckOutCanonProduct -->
        <test-method status="PASS" signature="postCondition()[pri:0, instance:com.test.scripts.ValidLogin@56f4468b]" name="postCondition" is-config="true" duration-ms="217" started-at="2019-11-23T15:30:22Z" finished-at="2019-11-23T15:30:22Z">
          <reporter-output>
          </reporter-output>
        </test-method> <!-- postCondition -->
      </class> <!-- com.test.scripts.ValidLogin -->
    </test> <!-- Test -->
  </suite> <!-- Suite -->
</testng-results>
